<?xml version="1.0" encoding="UTF-8"?>
<testsuite xmlns:xsi="http://www.w3.org/2001/XMLSchema-instance" xsi:noNamespaceSchemaLocation="https://maven.apache.org/surefire/maven-surefire-plugin/xsd/surefire-test-report-3.0.xsd" version="3.0" name="com.example.AppTest" time="0.05" tests="1" errors="0" skipped="0" failures="0">
  <properties>
    <property name="java.specification.version" value="23"/>
    <property name="sun.cpu.isalist" value="amd64"/>
    <property name="sun.jnu.encoding" value="Cp1252"/>
    <property name="java.class.path" value="E:\javalin-api\target\test-classes;E:\javalin-api\target\classes;C:\Users\Premkumar A\.m2\repository\io\javalin\javalin\6.4.0\javalin-6.4.0.jar;C:\Users\Premkumar A\.m2\repository\org\slf4j\slf4j-api\2.0.16\slf4j-api-2.0.16.jar;C:\Users\Premkumar A\.m2\repository\org\eclipse\jetty\jetty-server\11.0.24\jetty-server-11.0.24.jar;C:\Users\Premkumar A\.m2\repository\org\eclipse\jetty\jetty-http\11.0.24\jetty-http-11.0.24.jar;C:\Users\Premkumar A\.m2\repository\org\eclipse\jetty\jetty-util\11.0.24\jetty-util-11.0.24.jar;C:\Users\Premkumar A\.m2\repository\org\eclipse\jetty\jetty-io\11.0.24\jetty-io-11.0.24.jar;C:\Users\Premkumar A\.m2\repository\org\eclipse\jetty\toolchain\jetty-jakarta-servlet-api\5.0.2\jetty-jakarta-servlet-api-5.0.2.jar;C:\Users\Premkumar A\.m2\repository\org\eclipse\jetty\websocket\websocket-jetty-server\11.0.24\websocket-jetty-server-11.0.24.jar;C:\Users\Premkumar A\.m2\repository\org\eclipse\jetty\jetty-servlet\11.0.24\jetty-servlet-11.0.24.jar;C:\Users\Premkumar A\.m2\repository\org\eclipse\jetty\jetty-security\11.0.24\jetty-security-11.0.24.jar;C:\Users\Premkumar A\.m2\repository\org\eclipse\jetty\jetty-webapp\11.0.24\jetty-webapp-11.0.24.jar;C:\Users\Premkumar A\.m2\repository\org\eclipse\jetty\jetty-xml\11.0.24\jetty-xml-11.0.24.jar;C:\Users\Premkumar A\.m2\repository\org\eclipse\jetty\websocket\websocket-jetty-api\11.0.24\websocket-jetty-api-11.0.24.jar;C:\Users\Premkumar A\.m2\repository\org\eclipse\jetty\websocket\websocket-jetty-common\11.0.24\websocket-jetty-common-11.0.24.jar;C:\Users\Premkumar A\.m2\repository\org\eclipse\jetty\websocket\websocket-core-common\11.0.24\websocket-core-common-11.0.24.jar;C:\Users\Premkumar A\.m2\repository\org\eclipse\jetty\websocket\websocket-servlet\11.0.24\websocket-servlet-11.0.24.jar;C:\Users\Premkumar A\.m2\repository\org\eclipse\jetty\websocket\websocket-core-server\11.0.24\websocket-core-server-11.0.24.jar;C:\Users\Premkumar A\.m2\repository\org\jetbrains\kotlin\kotlin-stdlib-jdk8\1.9.25\kotlin-stdlib-jdk8-1.9.25.jar;C:\Users\Premkumar A\.m2\repository\org\jetbrains\kotlin\kotlin-stdlib\1.9.25\kotlin-stdlib-1.9.25.jar;C:\Users\Premkumar A\.m2\repository\org\jetbrains\annotations\13.0\annotations-13.0.jar;C:\Users\Premkumar A\.m2\repository\org\jetbrains\kotlin\kotlin-stdlib-jdk7\1.9.25\kotlin-stdlib-jdk7-1.9.25.jar;C:\Users\Premkumar A\.m2\repository\org\slf4j\slf4j-simple\2.0.16\slf4j-simple-2.0.16.jar;C:\Users\Premkumar A\.m2\repository\junit\junit\3.8.1\junit-3.8.1.jar;"/>
    <property name="java.vm.vendor" value="Oracle Corporation"/>
    <property name="sun.arch.data.model" value="64"/>
    <property name="user.variant" value=""/>
    <property name="java.vendor.url" value="https://java.oracle.com/"/>
    <property name="user.timezone" value="Asia/Calcutta"/>
    <property name="os.name" value="Windows 11"/>
    <property name="java.vm.specification.version" value="23"/>
    <property name="sun.java.launcher" value="SUN_STANDARD"/>
    <property name="user.country" value="IN"/>
    <property name="sun.boot.library.path" value="C:\Program Files\Java\jdk-23\bin"/>
    <property name="sun.java.command" value="C:\Users\Premkumar A\AppData\Local\Temp\surefire13533067378335412715\surefirebooter-20250306102303690_3.jar C:\Users\Premkumar A\AppData\Local\Temp\surefire13533067378335412715 2025-03-06T10-23-03_544-jvmRun1 surefire-20250306102303690_1tmp surefire_0-20250306102303690_2tmp"/>
    <property name="jdk.debug" value="release"/>
    <property name="surefire.test.class.path" value="E:\javalin-api\target\test-classes;E:\javalin-api\target\classes;C:\Users\Premkumar A\.m2\repository\io\javalin\javalin\6.4.0\javalin-6.4.0.jar;C:\Users\Premkumar A\.m2\repository\org\slf4j\slf4j-api\2.0.16\slf4j-api-2.0.16.jar;C:\Users\Premkumar A\.m2\repository\org\eclipse\jetty\jetty-server\11.0.24\jetty-server-11.0.24.jar;C:\Users\Premkumar A\.m2\repository\org\eclipse\jetty\jetty-http\11.0.24\jetty-http-11.0.24.jar;C:\Users\Premkumar A\.m2\repository\org\eclipse\jetty\jetty-util\11.0.24\jetty-util-11.0.24.jar;C:\Users\Premkumar A\.m2\repository\org\eclipse\jetty\jetty-io\11.0.24\jetty-io-11.0.24.jar;C:\Users\Premkumar A\.m2\repository\org\eclipse\jetty\toolchain\jetty-jakarta-servlet-api\5.0.2\jetty-jakarta-servlet-api-5.0.2.jar;C:\Users\Premkumar A\.m2\repository\org\eclipse\jetty\websocket\websocket-jetty-server\11.0.24\websocket-jetty-server-11.0.24.jar;C:\Users\Premkumar A\.m2\repository\org\eclipse\jetty\jetty-servlet\11.0.24\jetty-servlet-11.0.24.jar;C:\Users\Premkumar A\.m2\repository\org\eclipse\jetty\jetty-security\11.0.24\jetty-security-11.0.24.jar;C:\Users\Premkumar A\.m2\repository\org\eclipse\jetty\jetty-webapp\11.0.24\jetty-webapp-11.0.24.jar;C:\Users\Premkumar A\.m2\repository\org\eclipse\jetty\jetty-xml\11.0.24\jetty-xml-11.0.24.jar;C:\Users\Premkumar A\.m2\repository\org\eclipse\jetty\websocket\websocket-jetty-api\11.0.24\websocket-jetty-api-11.0.24.jar;C:\Users\Premkumar A\.m2\repository\org\eclipse\jetty\websocket\websocket-jetty-common\11.0.24\websocket-jetty-common-11.0.24.jar;C:\Users\Premkumar A\.m2\repository\org\eclipse\jetty\websocket\websocket-core-common\11.0.24\websocket-core-common-11.0.24.jar;C:\Users\Premkumar A\.m2\repository\org\eclipse\jetty\websocket\websocket-servlet\11.0.24\websocket-servlet-11.0.24.jar;C:\Users\Premkumar A\.m2\repository\org\eclipse\jetty\websocket\websocket-core-server\11.0.24\websocket-core-server-11.0.24.jar;C:\Users\Premkumar A\.m2\repository\org\jetbrains\kotlin\kotlin-stdlib-jdk8\1.9.25\kotlin-stdlib-jdk8-1.9.25.jar;C:\Users\Premkumar A\.m2\repository\org\jetbrains\kotlin\kotlin-stdlib\1.9.25\kotlin-stdlib-1.9.25.jar;C:\Users\Premkumar A\.m2\repository\org\jetbrains\annotations\13.0\annotations-13.0.jar;C:\Users\Premkumar A\.m2\repository\org\jetbrains\kotlin\kotlin-stdlib-jdk7\1.9.25\kotlin-stdlib-jdk7-1.9.25.jar;C:\Users\Premkumar A\.m2\repository\org\slf4j\slf4j-simple\2.0.16\slf4j-simple-2.0.16.jar;C:\Users\Premkumar A\.m2\repository\junit\junit\3.8.1\junit-3.8.1.jar;"/>
    <property name="sun.cpu.endian" value="little"/>
    <property name="user.home" value="C:\Users\Premkumar A"/>
    <property name="user.language" value="en"/>
    <property name="java.specification.vendor" value="Oracle Corporation"/>
    <property name="java.version.date" value="2025-01-21"/>
    <property name="java.home" value="C:\Program Files\Java\jdk-23"/>
    <property name="file.separator" value="\"/>
    <property name="basedir" value="E:\javalin-api"/>
    <property name="java.vm.compressedOopsMode" value="Zero based"/>
    <property name="line.separator" value="&#10;"/>
    <property name="java.vm.specification.vendor" value="Oracle Corporation"/>
    <property name="java.specification.name" value="Java Platform API Specification"/>
    <property name="surefire.real.class.path" value="C:\Users\Premkumar A\AppData\Local\Temp\surefire13533067378335412715\surefirebooter-20250306102303690_3.jar"/>
    <property name="user.script" value=""/>
    <property name="sun.management.compiler" value="HotSpot 64-Bit Tiered Compilers"/>
    <property name="java.runtime.version" value="23.0.2+7-58"/>
    <property name="user.name" value="Premkumar A"/>
    <property name="stdout.encoding" value="Cp1252"/>
    <property name="path.separator" value=";"/>
    <property name="os.version" value="10.0"/>
    <property name="java.runtime.name" value="Java(TM) SE Runtime Environment"/>
    <property name="file.encoding" value="UTF-8"/>
    <property name="java.vm.name" value="Java HotSpot(TM) 64-Bit Server VM"/>
    <property name="localRepository" value="C:\Users\Premkumar A\.m2\repository"/>
    <property name="java.vendor.url.bug" value="https://bugreport.java.com/bugreport/"/>
    <property name="java.io.tmpdir" value="C:\Users\PREMKU~1\AppData\Local\Temp\"/>
    <property name="java.version" value="23.0.2"/>
    <property name="user.dir" value="E:\javalin-api"/>
    <property name="os.arch" value="amd64"/>
    <property name="java.vm.specification.name" value="Java Virtual Machine Specification"/>
    <property name="sun.os.patch.level" value=""/>
    <property name="native.encoding" value="Cp1252"/>
    <property name="java.library.path" value="C:\Program Files\Java\jdk-23\bin;C:\windows\Sun\Java\bin;C:\windows\system32;C:\windows;C:\Program Files\Common Files\Oracle\Java\javapath;C:\Program Files (x86)\Common Files\Oracle\Java\java8path;C:\Program Files (x86)\Common Files\Oracle\Java\javapath;C:\windows\system32;C:\windows;C:\windows\System32\Wbem;C:\windows\System32\WindowsPowerShell\v1.0\;C:\windows\System32\OpenSSH\;C:\Program Files\nodejs\;C:\Program Files\Java\jdk-23\bin;C:\apache-maven-3.9.9\bin;C:\Program Files\Git\cmd;C:\Program Files\Docker\Docker\resources\bin;C:\Users\Premkumar A\AppData\Local\Programs\Python\Python312\Scripts\;C:\Users\Premkumar A\AppData\Local\Programs\Python\Python312\;C:\Program Files\MySQL\MySQL Shell 8.0\bin\;C:\Program Files (x86)\Microsoft Visual Studio\Common\Tools\WinNT;C:\Program Files (x86)\Microsoft Visual Studio\Common\MSDev98\Bin;C:\Program Files (x86)\Microsoft Visual Studio\Common\Tools;C:\Program Files (x86)\Microsoft Visual Studio\VC98\bin;C:\Users\Premkumar A\AppData\Local\Microsoft\WindowsApps;C:\Users\Premkumar A\AppData\Local\Programs\Microsoft VS Code\bin;C:\Program Files\JetBrains\PyCharm Community Edition 2024.1.2\bin;;C:\Users\Premkumar A\AppData\Roaming\npm;C:\flutter\bin;;."/>
    <property name="java.vm.info" value="mixed mode, sharing"/>
    <property name="stderr.encoding" value="Cp1252"/>
    <property name="java.vendor" value="Oracle Corporation"/>
    <property name="java.vm.version" value="23.0.2+7-58"/>
    <property name="sun.io.unicode.encoding" value="UnicodeLittle"/>
    <property name="java.class.version" value="67.0"/>
  </properties>
  <testcase name="testApp" classname="com.example.AppTest" time="0.016"/>
</testsuite>